<?xml version="1.0" encoding="UTF-8"?>
<coverage generated="1615677626323" clover="3.2.0">
  <project timestamp="1615677626323" name="All files">
    <metrics statements="324" coveredstatements="249" conditionals="84" coveredconditionals="50" methods="92" coveredmethods="62" elements="500" coveredelements="361" complexity="0" loc="324" ncloc="324" packages="1" files="15" classes="15"/>
    <file name="BreakPrompt.js" path="/Users/annika/cse110/cse110-w21-group29/source/js/BreakPrompt.js">
      <metrics statements="6" coveredstatements="6" conditionals="0" coveredconditionals="0" methods="2" coveredmethods="2"/>
      <line num="17" count="2" type="stmt"/>
      <line num="18" count="2" type="stmt"/>
      <line num="19" count="2" type="stmt"/>
      <line num="20" count="2" type="stmt"/>
      <line num="28" count="2" type="stmt"/>
      <line num="32" count="1" type="stmt"/>
    </file>
    <file name="CurrentYear.js" path="/Users/annika/cse110/cse110-w21-group29/source/js/CurrentYear.js">
      <metrics statements="3" coveredstatements="3" conditionals="0" coveredconditionals="0" methods="1" coveredmethods="1"/>
      <line num="16" count="3" type="stmt"/>
      <line num="17" count="3" type="stmt"/>
      <line num="21" count="1" type="stmt"/>
    </file>
    <file name="EditableTaskList.js" path="/Users/annika/cse110/cse110-w21-group29/source/js/EditableTaskList.js">
      <metrics statements="13" coveredstatements="11" conditionals="0" coveredconditionals="0" methods="3" coveredmethods="1"/>
      <line num="20" count="2" type="stmt"/>
      <line num="22" count="2" type="stmt"/>
      <line num="24" count="2" type="stmt"/>
      <line num="26" count="2" type="stmt"/>
      <line num="27" count="2" type="stmt"/>
      <line num="28" count="2" type="stmt"/>
      <line num="30" count="2" type="stmt"/>
      <line num="32" count="2" type="stmt"/>
      <line num="33" count="2" type="stmt"/>
      <line num="34" count="2" type="stmt"/>
      <line num="38" count="0" type="stmt"/>
      <line num="42" count="0" type="stmt"/>
      <line num="46" count="1" type="stmt"/>
    </file>
    <file name="EditableTaskListBody.js" path="/Users/annika/cse110/cse110-w21-group29/source/js/EditableTaskListBody.js">
      <metrics statements="69" coveredstatements="41" conditionals="8" coveredconditionals="2" methods="22" coveredmethods="10"/>
      <line num="21" count="4" type="stmt"/>
      <line num="23" count="4" type="stmt"/>
      <line num="26" count="4" type="stmt"/>
      <line num="27" count="4" type="stmt"/>
      <line num="28" count="4" type="stmt"/>
      <line num="31" count="4" type="stmt"/>
      <line num="32" count="3" type="stmt"/>
      <line num="35" count="4" type="stmt"/>
      <line num="39" count="0" type="stmt"/>
      <line num="48" count="2" type="stmt"/>
      <line num="49" count="2" type="stmt"/>
      <line num="51" count="2" type="stmt"/>
      <line num="58" count="4" type="stmt"/>
      <line num="59" count="4" type="stmt"/>
      <line num="60" count="4" type="stmt"/>
      <line num="69" count="1" type="cond" truecount="1" falsecount="1"/>
      <line num="70" count="0" type="stmt"/>
      <line num="73" count="1" type="stmt"/>
      <line num="74" count="1" type="stmt"/>
      <line num="75" count="2" type="stmt"/>
      <line num="77" count="1" type="stmt"/>
      <line num="79" count="1" type="stmt"/>
      <line num="80" count="2" type="stmt"/>
      <line num="83" count="1" type="stmt"/>
      <line num="84" count="1" type="stmt"/>
      <line num="92" count="0" type="cond" truecount="0" falsecount="2"/>
      <line num="93" count="0" type="stmt"/>
      <line num="96" count="0" type="stmt"/>
      <line num="97" count="0" type="stmt"/>
      <line num="99" count="0" type="stmt"/>
      <line num="100" count="0" type="stmt"/>
      <line num="101" count="0" type="stmt"/>
      <line num="104" count="0" type="stmt"/>
      <line num="106" count="0" type="stmt"/>
      <line num="113" count="0" type="stmt"/>
      <line num="114" count="0" type="stmt"/>
      <line num="115" count="0" type="stmt"/>
      <line num="116" count="0" type="stmt"/>
      <line num="123" count="0" type="stmt"/>
      <line num="125" count="0" type="stmt"/>
      <line num="126" count="0" type="stmt"/>
      <line num="127" count="0" type="stmt"/>
      <line num="130" count="0" type="stmt"/>
      <line num="132" count="0" type="stmt"/>
      <line num="142" count="5" type="stmt"/>
      <line num="143" count="5" type="stmt"/>
      <line num="145" count="5" type="stmt"/>
      <line num="146" count="5" type="stmt"/>
      <line num="147" count="5" type="stmt"/>
      <line num="148" count="5" type="stmt"/>
      <line num="149" count="5" type="stmt"/>
      <line num="151" count="5" type="stmt"/>
      <line num="153" count="5" type="stmt"/>
      <line num="154" count="15" type="stmt"/>
      <line num="157" count="5" type="cond" truecount="1" falsecount="1"/>
      <line num="158" count="0" type="stmt"/>
      <line num="161" count="5" type="stmt"/>
      <line num="162" count="10" type="stmt"/>
      <line num="163" count="0" type="cond" truecount="0" falsecount="2"/>
      <line num="164" count="0" type="stmt"/>
      <line num="169" count="5" type="stmt"/>
      <line num="170" count="0" type="stmt"/>
      <line num="173" count="5" type="stmt"/>
      <line num="174" count="0" type="stmt"/>
      <line num="177" count="5" type="stmt"/>
      <line num="178" count="0" type="stmt"/>
      <line num="181" count="5" type="stmt"/>
      <line num="182" count="0" type="stmt"/>
      <line num="187" count="1" type="stmt"/>
    </file>
    <file name="EditableTaskListInput.js" path="/Users/annika/cse110/cse110-w21-group29/source/js/EditableTaskListInput.js">
      <metrics statements="29" coveredstatements="22" conditionals="8" coveredconditionals="3" methods="10" coveredmethods="6"/>
      <line num="19" count="6" type="stmt"/>
      <line num="22" count="6" type="stmt"/>
      <line num="23" count="6" type="stmt"/>
      <line num="26" count="6" type="stmt"/>
      <line num="27" count="6" type="stmt"/>
      <line num="30" count="6" type="stmt"/>
      <line num="31" count="12" type="stmt"/>
      <line num="32" count="0" type="stmt"/>
      <line num="37" count="6" type="stmt"/>
      <line num="38" count="12" type="stmt"/>
      <line num="39" count="0" type="cond" truecount="0" falsecount="4"/>
      <line num="40" count="0" type="stmt"/>
      <line num="46" count="6" type="stmt"/>
      <line num="47" count="0" type="stmt"/>
      <line num="50" count="6" type="stmt"/>
      <line num="57" count="1" type="stmt"/>
      <line num="64" count="5" type="cond" truecount="2" falsecount="0"/>
      <line num="65" count="4" type="stmt"/>
      <line num="67" count="1" type="stmt"/>
      <line num="75" count="0" type="stmt"/>
      <line num="76" count="0" type="stmt"/>
      <line num="83" count="1" type="stmt"/>
      <line num="84" count="1" type="stmt"/>
      <line num="85" count="1" type="stmt"/>
      <line num="86" count="1" type="stmt"/>
      <line num="87" count="1" type="cond" truecount="1" falsecount="1"/>
      <line num="88" count="0" type="stmt"/>
      <line num="90" count="1" type="stmt"/>
      <line num="94" count="1" type="stmt"/>
    </file>
    <file name="PopUp.js" path="/Users/annika/cse110/cse110-w21-group29/source/js/PopUp.js">
      <metrics statements="16" coveredstatements="0" conditionals="12" coveredconditionals="0" methods="7" coveredmethods="0"/>
      <line num="25" count="0" type="stmt"/>
      <line num="29" count="0" type="stmt"/>
      <line num="35" count="0" type="cond" truecount="0" falsecount="2"/>
      <line num="36" count="0" type="cond" truecount="0" falsecount="2"/>
      <line num="37" count="0" type="cond" truecount="0" falsecount="2"/>
      <line num="38" count="0" type="cond" truecount="0" falsecount="2"/>
      <line num="40" count="0" type="stmt"/>
      <line num="42" count="0" type="stmt"/>
      <line num="43" count="0" type="stmt"/>
      <line num="45" count="0" type="cond" truecount="0" falsecount="4"/>
      <line num="46" count="0" type="stmt"/>
      <line num="47" count="0" type="stmt"/>
      <line num="52" count="0" type="stmt"/>
      <line num="53" count="0" type="stmt"/>
      <line num="57" count="0" type="stmt"/>
      <line num="58" count="0" type="stmt"/>
    </file>
    <file name="StartButtons.js" path="/Users/annika/cse110/cse110-w21-group29/source/js/StartButtons.js">
      <metrics statements="40" coveredstatements="27" conditionals="10" coveredconditionals="4" methods="6" coveredmethods="4"/>
      <line num="18" count="3" type="stmt"/>
      <line num="20" count="3" type="stmt"/>
      <line num="22" count="3" type="stmt"/>
      <line num="23" count="3" type="stmt"/>
      <line num="24" count="3" type="stmt"/>
      <line num="25" count="3" type="stmt"/>
      <line num="26" count="3" type="stmt"/>
      <line num="28" count="3" type="stmt"/>
      <line num="29" count="3" type="stmt"/>
      <line num="30" count="3" type="cond" truecount="4" falsecount="0"/>
      <line num="31" count="1" type="stmt"/>
      <line num="37" count="6" type="stmt"/>
      <line num="38" count="6" type="stmt"/>
      <line num="39" count="6" type="stmt"/>
      <line num="47" count="3" type="stmt"/>
      <line num="48" count="3" type="stmt"/>
      <line num="49" count="3" type="stmt"/>
      <line num="50" count="3" type="stmt"/>
      <line num="52" count="3" type="stmt"/>
      <line num="53" count="0" type="stmt"/>
      <line num="54" count="0" type="cond" truecount="0" falsecount="2"/>
      <line num="55" count="0" type="stmt"/>
      <line num="62" count="0" type="stmt"/>
      <line num="63" count="0" type="cond" truecount="0" falsecount="2"/>
      <line num="64" count="0" type="stmt"/>
      <line num="65" count="0" type="stmt"/>
      <line num="66" count="0" type="stmt"/>
      <line num="67" count="0" type="stmt"/>
      <line num="68" count="0" type="stmt"/>
      <line num="69" count="0" type="cond" truecount="0" falsecount="2"/>
      <line num="70" count="0" type="stmt"/>
      <line num="74" count="0" type="stmt"/>
      <line num="78" count="3" type="stmt"/>
      <line num="86" count="1" type="stmt"/>
      <line num="87" count="1" type="stmt"/>
      <line num="88" count="1" type="stmt"/>
      <line num="89" count="1" type="stmt"/>
      <line num="90" count="1" type="stmt"/>
      <line num="91" count="1" type="stmt"/>
      <line num="95" count="2" type="stmt"/>
    </file>
    <file name="StartContainer.js" path="/Users/annika/cse110/cse110-w21-group29/source/js/StartContainer.js">
      <metrics statements="7" coveredstatements="7" conditionals="2" coveredconditionals="2" methods="1" coveredmethods="1"/>
      <line num="20" count="4" type="stmt"/>
      <line num="22" count="4" type="stmt"/>
      <line num="24" count="4" type="cond" truecount="2" falsecount="0"/>
      <line num="25" count="1" type="stmt"/>
      <line num="26" count="1" type="stmt"/>
      <line num="28" count="3" type="stmt"/>
      <line num="34" count="1" type="stmt"/>
    </file>
    <file name="TaskList.js" path="/Users/annika/cse110/cse110-w21-group29/source/js/TaskList.js">
      <metrics statements="25" coveredstatements="25" conditionals="4" coveredconditionals="4" methods="8" coveredmethods="8"/>
      <line num="18" count="26" type="stmt"/>
      <line num="20" count="26" type="cond" truecount="2" falsecount="0"/>
      <line num="22" count="5" type="stmt"/>
      <line num="25" count="21" type="stmt"/>
      <line num="26" count="21" type="stmt"/>
      <line num="34" count="18" type="stmt"/>
      <line num="35" count="18" type="stmt"/>
      <line num="36" count="18" type="stmt"/>
      <line num="44" count="154" type="stmt"/>
      <line num="54" count="28" type="stmt"/>
      <line num="61" count="28" type="stmt"/>
      <line num="62" count="28" type="stmt"/>
      <line num="70" count="8" type="stmt"/>
      <line num="71" count="8" type="stmt"/>
      <line num="81" count="3" type="stmt"/>
      <line num="82" count="3" type="cond" truecount="2" falsecount="0"/>
      <line num="83" count="1" type="stmt"/>
      <line num="85" count="2" type="stmt"/>
      <line num="86" count="2" type="stmt"/>
      <line num="87" count="2" type="stmt"/>
      <line num="94" count="92" type="stmt"/>
      <line num="95" count="92" type="stmt"/>
      <line num="102" count="2" type="stmt"/>
      <line num="104" count="2" type="stmt"/>
      <line num="105" count="2" type="stmt"/>
    </file>
    <file name="Timer.js" path="/Users/annika/cse110/cse110-w21-group29/source/js/Timer.js">
      <metrics statements="25" coveredstatements="25" conditionals="24" coveredconditionals="24" methods="4" coveredmethods="4"/>
      <line num="22" count="11" type="cond" truecount="2" falsecount="0"/>
      <line num="23" count="11" type="stmt"/>
      <line num="24" count="11" type="cond" truecount="2" falsecount="0"/>
      <line num="25" count="11" type="stmt"/>
      <line num="26" count="11" type="stmt"/>
      <line num="36" count="6" type="stmt"/>
      <line num="39" count="6" type="stmt"/>
      <line num="40" count="6" type="cond" truecount="2" falsecount="0"/>
      <line num="41" count="5" type="stmt"/>
      <line num="43" count="6" type="cond" truecount="4" falsecount="0"/>
      <line num="44" count="1" type="stmt"/>
      <line num="45" count="1" type="stmt"/>
      <line num="46" count="5" type="cond" truecount="4" falsecount="0"/>
      <line num="47" count="1" type="stmt"/>
      <line num="49" count="6" type="stmt"/>
      <line num="51" count="6" type="stmt"/>
      <line num="53" count="138" type="cond" truecount="2" falsecount="0"/>
      <line num="54" count="133" type="stmt"/>
      <line num="56" count="138" type="cond" truecount="4" falsecount="0"/>
      <line num="57" count="1" type="stmt"/>
      <line num="58" count="1" type="stmt"/>
      <line num="59" count="137" type="cond" truecount="4" falsecount="0"/>
      <line num="60" count="3" type="stmt"/>
      <line num="61" count="3" type="stmt"/>
      <line num="63" count="138" type="stmt"/>
    </file>
    <file name="TimerUI.js" path="/Users/annika/cse110/cse110-w21-group29/source/js/TimerUI.js">
      <metrics statements="22" coveredstatements="22" conditionals="8" coveredconditionals="8" methods="11" coveredmethods="11"/>
      <line num="23" count="8" type="stmt"/>
      <line num="25" count="8" type="stmt"/>
      <line num="26" count="8" type="stmt"/>
      <line num="28" count="8" type="stmt"/>
      <line num="32" count="1" type="stmt"/>
      <line num="36" count="1" type="stmt"/>
      <line num="47" count="2" type="stmt"/>
      <line num="49" count="2" type="stmt"/>
      <line num="61" count="1" type="stmt"/>
      <line num="62" count="1" type="stmt"/>
      <line num="72" count="6" type="cond" truecount="2" falsecount="0"/>
      <line num="73" count="1" type="stmt"/>
      <line num="83" count="8" type="cond" truecount="4" falsecount="0"/>
      <line num="84" count="6" type="cond" truecount="2" falsecount="0"/>
      <line num="85" count="1" type="stmt"/>
      <line num="92" count="1" type="stmt"/>
      <line num="93" count="1" type="stmt"/>
      <line num="100" count="1" type="stmt"/>
      <line num="101" count="1" type="stmt"/>
      <line num="108" count="1" type="stmt"/>
      <line num="109" count="1" type="stmt"/>
      <line num="113" count="1" type="stmt"/>
    </file>
    <file name="UsernameInput.js" path="/Users/annika/cse110/cse110-w21-group29/source/js/UsernameInput.js">
      <metrics statements="12" coveredstatements="7" conditionals="4" coveredconditionals="0" methods="3" coveredmethods="1"/>
      <line num="19" count="5" type="stmt"/>
      <line num="20" count="5" type="stmt"/>
      <line num="21" count="5" type="stmt"/>
      <line num="22" count="5" type="stmt"/>
      <line num="24" count="5" type="stmt"/>
      <line num="25" count="0" type="cond" truecount="0" falsecount="2"/>
      <line num="26" count="0" type="stmt"/>
      <line num="30" count="5" type="stmt"/>
      <line num="32" count="0" type="cond" truecount="0" falsecount="2"/>
      <line num="35" count="0" type="stmt"/>
      <line num="38" count="0" type="stmt"/>
      <line num="43" count="2" type="stmt"/>
    </file>
    <file name="ViewOnlyTaskList.js" path="/Users/annika/cse110/cse110-w21-group29/source/js/ViewOnlyTaskList.js">
      <metrics statements="31" coveredstatements="27" conditionals="4" coveredconditionals="3" methods="7" coveredmethods="6"/>
      <line num="21" count="4" type="stmt"/>
      <line num="23" count="4" type="stmt"/>
      <line num="25" count="4" type="stmt"/>
      <line num="26" count="4" type="stmt"/>
      <line num="27" count="4" type="stmt"/>
      <line num="29" count="4" type="stmt"/>
      <line num="30" count="4" type="stmt"/>
      <line num="32" count="4" type="stmt"/>
      <line num="33" count="4" type="stmt"/>
      <line num="35" count="4" type="stmt"/>
      <line num="36" count="4" type="stmt"/>
      <line num="38" count="4" type="stmt"/>
      <line num="39" count="0" type="stmt"/>
      <line num="40" count="0" type="stmt"/>
      <line num="43" count="4" type="stmt"/>
      <line num="50" count="2" type="stmt"/>
      <line num="54" count="8" type="stmt"/>
      <line num="55" count="4" type="stmt"/>
      <line num="58" count="8" type="stmt"/>
      <line num="59" count="8" type="cond" truecount="2" falsecount="0"/>
      <line num="60" count="1" type="stmt"/>
      <line num="68" count="2" type="cond" truecount="1" falsecount="1"/>
      <line num="69" count="0" type="stmt"/>
      <line num="70" count="0" type="stmt"/>
      <line num="72" count="2" type="stmt"/>
      <line num="73" count="2" type="stmt"/>
      <line num="78" count="1" type="stmt"/>
      <line num="79" count="1" type="stmt"/>
      <line num="83" count="1" type="stmt"/>
      <line num="84" count="1" type="stmt"/>
      <line num="88" count="1" type="stmt"/>
    </file>
    <file name="ViewOnlyTaskListSection.js" path="/Users/annika/cse110/cse110-w21-group29/source/js/ViewOnlyTaskListSection.js">
      <metrics statements="19" coveredstatements="19" conditionals="0" coveredconditionals="0" methods="6" coveredmethods="6"/>
      <line num="15" count="9" type="stmt"/>
      <line num="17" count="9" type="stmt"/>
      <line num="18" count="9" type="stmt"/>
      <line num="20" count="9" type="stmt"/>
      <line num="21" count="9" type="stmt"/>
      <line num="22" count="9" type="stmt"/>
      <line num="23" count="10" type="stmt"/>
      <line num="32" count="9" type="stmt"/>
      <line num="33" count="9" type="stmt"/>
      <line num="34" count="9" type="stmt"/>
      <line num="35" count="9" type="stmt"/>
      <line num="39" count="9" type="stmt"/>
      <line num="47" count="10" type="stmt"/>
      <line num="48" count="10" type="stmt"/>
      <line num="50" count="10" type="stmt"/>
      <line num="51" count="10" type="stmt"/>
      <line num="53" count="10" type="stmt"/>
      <line num="54" count="40" type="stmt"/>
      <line num="59" count="1" type="stmt"/>
    </file>
    <file name="WelcomeMessage.js" path="/Users/annika/cse110/cse110-w21-group29/source/js/WelcomeMessage.js">
      <metrics statements="7" coveredstatements="7" conditionals="0" coveredconditionals="0" methods="1" coveredmethods="1"/>
      <line num="17" count="2" type="stmt"/>
      <line num="19" count="2" type="stmt"/>
      <line num="20" count="2" type="stmt"/>
      <line num="21" count="2" type="stmt"/>
      <line num="22" count="2" type="stmt"/>
      <line num="24" count="2" type="stmt"/>
      <line num="28" count="2" type="stmt"/>
    </file>
  </project>
</coverage>
