<?xml version="1.0" encoding="UTF-8"?>
<coverage generated="1615159559755" clover="3.2.0">
  <project timestamp="1615159559755" name="All files">
    <metrics statements="229" coveredstatements="108" conditionals="56" coveredconditionals="32" methods="71" coveredmethods="30" elements="356" coveredelements="170" complexity="0" loc="229" ncloc="229" packages="1" files="10" classes="10"/>
    <file name="CurrentYear.js" path="/home/enrique/gitrepos/cse110/cse110-w21-group29/source/js/CurrentYear.js">
      <metrics statements="3" coveredstatements="3" conditionals="0" coveredconditionals="0" methods="1" coveredmethods="1"/>
      <line num="12" count="3" type="stmt"/>
      <line num="14" count="3" type="stmt"/>
      <line num="18" count="1" type="stmt"/>
    </file>
    <file name="EditableTaskList.js" path="/home/enrique/gitrepos/cse110/cse110-w21-group29/source/js/EditableTaskList.js">
      <metrics statements="7" coveredstatements="7" conditionals="0" coveredconditionals="0" methods="1" coveredmethods="1"/>
      <line num="16" count="1" type="stmt"/>
      <line num="18" count="1" type="stmt"/>
      <line num="19" count="1" type="stmt"/>
      <line num="20" count="1" type="stmt"/>
      <line num="21" count="1" type="stmt"/>
      <line num="22" count="1" type="stmt"/>
      <line num="26" count="1" type="stmt"/>
    </file>
    <file name="EditableTaskListBody.js" path="/home/enrique/gitrepos/cse110/cse110-w21-group29/source/js/EditableTaskListBody.js">
      <metrics statements="62" coveredstatements="9" conditionals="6" coveredconditionals="0" methods="21" coveredmethods="2"/>
      <line num="16" count="1" type="stmt"/>
      <line num="19" count="1" type="stmt"/>
      <line num="20" count="1" type="stmt"/>
      <line num="21" count="1" type="stmt"/>
      <line num="24" count="1" type="stmt"/>
      <line num="25" count="0" type="stmt"/>
      <line num="35" count="0" type="stmt"/>
      <line num="36" count="0" type="stmt"/>
      <line num="43" count="1" type="stmt"/>
      <line num="44" count="1" type="stmt"/>
      <line num="45" count="1" type="stmt"/>
      <line num="54" count="0" type="cond" truecount="0" falsecount="2"/>
      <line num="55" count="0" type="stmt"/>
      <line num="58" count="0" type="stmt"/>
      <line num="59" count="0" type="stmt"/>
      <line num="60" count="0" type="stmt"/>
      <line num="62" count="0" type="stmt"/>
      <line num="64" count="0" type="stmt"/>
      <line num="65" count="0" type="stmt"/>
      <line num="68" count="0" type="stmt"/>
      <line num="69" count="0" type="stmt"/>
      <line num="77" count="0" type="cond" truecount="0" falsecount="2"/>
      <line num="78" count="0" type="stmt"/>
      <line num="81" count="0" type="stmt"/>
      <line num="82" count="0" type="stmt"/>
      <line num="84" count="0" type="stmt"/>
      <line num="85" count="0" type="stmt"/>
      <line num="86" count="0" type="stmt"/>
      <line num="89" count="0" type="stmt"/>
      <line num="96" count="0" type="stmt"/>
      <line num="97" count="0" type="stmt"/>
      <line num="98" count="0" type="stmt"/>
      <line num="99" count="0" type="stmt"/>
      <line num="106" count="0" type="stmt"/>
      <line num="108" count="0" type="stmt"/>
      <line num="109" count="0" type="stmt"/>
      <line num="110" count="0" type="stmt"/>
      <line num="113" count="0" type="stmt"/>
      <line num="115" count="0" type="stmt"/>
      <line num="125" count="0" type="stmt"/>
      <line num="126" count="0" type="stmt"/>
      <line num="128" count="0" type="stmt"/>
      <line num="129" count="0" type="stmt"/>
      <line num="130" count="0" type="stmt"/>
      <line num="131" count="0" type="stmt"/>
      <line num="132" count="0" type="stmt"/>
      <line num="134" count="0" type="stmt"/>
      <line num="136" count="0" type="stmt"/>
      <line num="137" count="0" type="stmt"/>
      <line num="140" count="0" type="stmt"/>
      <line num="141" count="0" type="stmt"/>
      <line num="142" count="0" type="cond" truecount="0" falsecount="2"/>
      <line num="143" count="0" type="stmt"/>
      <line num="148" count="0" type="stmt"/>
      <line num="149" count="0" type="stmt"/>
      <line num="152" count="0" type="stmt"/>
      <line num="153" count="0" type="stmt"/>
      <line num="156" count="0" type="stmt"/>
      <line num="157" count="0" type="stmt"/>
      <line num="160" count="0" type="stmt"/>
      <line num="161" count="0" type="stmt"/>
      <line num="166" count="1" type="stmt"/>
    </file>
    <file name="EditableTaskListInput.js" path="/home/enrique/gitrepos/cse110/cse110-w21-group29/source/js/EditableTaskListInput.js">
      <metrics statements="25" coveredstatements="11" conditionals="8" coveredconditionals="0" methods="10" coveredmethods="3"/>
      <line num="15" count="1" type="stmt"/>
      <line num="18" count="1" type="stmt"/>
      <line num="19" count="1" type="stmt"/>
      <line num="22" count="1" type="stmt"/>
      <line num="23" count="1" type="stmt"/>
      <line num="26" count="1" type="stmt"/>
      <line num="27" count="2" type="stmt"/>
      <line num="28" count="0" type="stmt"/>
      <line num="33" count="1" type="stmt"/>
      <line num="34" count="2" type="stmt"/>
      <line num="35" count="0" type="cond" truecount="0" falsecount="4"/>
      <line num="36" count="0" type="stmt"/>
      <line num="42" count="1" type="stmt"/>
      <line num="43" count="0" type="stmt"/>
      <line num="51" count="0" type="stmt"/>
      <line num="58" count="0" type="cond" truecount="0" falsecount="4"/>
      <line num="64" count="0" type="stmt"/>
      <line num="66" count="0" type="stmt"/>
      <line num="74" count="0" type="stmt"/>
      <line num="75" count="0" type="stmt"/>
      <line num="82" count="0" type="stmt"/>
      <line num="83" count="0" type="stmt"/>
      <line num="84" count="0" type="stmt"/>
      <line num="85" count="0" type="stmt"/>
      <line num="89" count="1" type="stmt"/>
    </file>
    <file name="ReturningUser.js" path="/home/enrique/gitrepos/cse110/cse110-w21-group29/source/js/ReturningUser.js">
      <metrics statements="10" coveredstatements="3" conditionals="2" coveredconditionals="1" methods="2" coveredmethods="1"/>
      <line num="14" count="2" type="stmt"/>
      <line num="17" count="2" type="cond" truecount="1" falsecount="1"/>
      <line num="18" count="0" type="stmt"/>
      <line num="27" count="0" type="stmt"/>
      <line num="28" count="0" type="stmt"/>
      <line num="29" count="0" type="stmt"/>
      <line num="30" count="0" type="stmt"/>
      <line num="31" count="0" type="stmt"/>
      <line num="32" count="0" type="stmt"/>
      <line num="36" count="1" type="stmt"/>
    </file>
    <file name="TaskList.js" path="/home/enrique/gitrepos/cse110/cse110-w21-group29/source/js/TaskList.js">
      <metrics statements="25" coveredstatements="25" conditionals="4" coveredconditionals="4" methods="8" coveredmethods="8"/>
      <line num="15" count="13" type="stmt"/>
      <line num="17" count="13" type="cond" truecount="2" falsecount="0"/>
      <line num="19" count="2" type="stmt"/>
      <line num="22" count="11" type="stmt"/>
      <line num="23" count="11" type="stmt"/>
      <line num="31" count="13" type="stmt"/>
      <line num="32" count="13" type="stmt"/>
      <line num="33" count="13" type="stmt"/>
      <line num="41" count="135" type="stmt"/>
      <line num="51" count="21" type="stmt"/>
      <line num="58" count="21" type="stmt"/>
      <line num="59" count="21" type="stmt"/>
      <line num="67" count="7" type="stmt"/>
      <line num="68" count="7" type="stmt"/>
      <line num="78" count="3" type="stmt"/>
      <line num="79" count="3" type="cond" truecount="2" falsecount="0"/>
      <line num="80" count="1" type="stmt"/>
      <line num="82" count="2" type="stmt"/>
      <line num="83" count="2" type="stmt"/>
      <line num="84" count="2" type="stmt"/>
      <line num="91" count="91" type="stmt"/>
      <line num="92" count="91" type="stmt"/>
      <line num="99" count="1" type="stmt"/>
      <line num="101" count="1" type="stmt"/>
      <line num="102" count="1" type="stmt"/>
    </file>
    <file name="Timer.js" path="/home/enrique/gitrepos/cse110/cse110-w21-group29/source/js/Timer.js">
      <metrics statements="25" coveredstatements="25" conditionals="24" coveredconditionals="24" methods="4" coveredmethods="4"/>
      <line num="21" count="12" type="cond" truecount="2" falsecount="0"/>
      <line num="22" count="12" type="stmt"/>
      <line num="23" count="12" type="cond" truecount="2" falsecount="0"/>
      <line num="24" count="12" type="stmt"/>
      <line num="25" count="12" type="stmt"/>
      <line num="35" count="6" type="stmt"/>
      <line num="38" count="6" type="stmt"/>
      <line num="39" count="6" type="cond" truecount="2" falsecount="0"/>
      <line num="40" count="5" type="stmt"/>
      <line num="42" count="6" type="cond" truecount="4" falsecount="0"/>
      <line num="43" count="1" type="stmt"/>
      <line num="44" count="1" type="stmt"/>
      <line num="45" count="5" type="cond" truecount="4" falsecount="0"/>
      <line num="46" count="1" type="stmt"/>
      <line num="48" count="6" type="stmt"/>
      <line num="50" count="6" type="stmt"/>
      <line num="52" count="138" type="cond" truecount="2" falsecount="0"/>
      <line num="53" count="133" type="stmt"/>
      <line num="55" count="138" type="cond" truecount="4" falsecount="0"/>
      <line num="56" count="1" type="stmt"/>
      <line num="57" count="1" type="stmt"/>
      <line num="58" count="137" type="cond" truecount="4" falsecount="0"/>
      <line num="59" count="3" type="stmt"/>
      <line num="60" count="3" type="stmt"/>
      <line num="62" count="138" type="stmt"/>
    </file>
    <file name="TimerUI.js" path="/home/enrique/gitrepos/cse110/cse110-w21-group29/source/js/TimerUI.js">
      <metrics statements="19" coveredstatements="17" conditionals="6" coveredconditionals="3" methods="9" coveredmethods="9"/>
      <line num="18" count="7" type="stmt"/>
      <line num="20" count="7" type="stmt"/>
      <line num="21" count="7" type="stmt"/>
      <line num="23" count="7" type="stmt"/>
      <line num="27" count="1" type="stmt"/>
      <line num="38" count="3" type="stmt"/>
      <line num="40" count="2" type="stmt"/>
      <line num="52" count="1" type="stmt"/>
      <line num="53" count="1" type="stmt"/>
      <line num="63" count="3" type="cond" truecount="1" falsecount="1"/>
      <line num="64" count="0" type="stmt"/>
      <line num="74" count="3" type="cond" truecount="1" falsecount="1"/>
      <line num="75" count="3" type="cond" truecount="1" falsecount="1"/>
      <line num="76" count="0" type="stmt"/>
      <line num="83" count="1" type="stmt"/>
      <line num="84" count="1" type="stmt"/>
      <line num="91" count="1" type="stmt"/>
      <line num="92" count="1" type="stmt"/>
      <line num="96" count="1" type="stmt"/>
    </file>
    <file name="UsernameInput.js" path="/home/enrique/gitrepos/cse110/cse110-w21-group29/source/js/UsernameInput.js">
      <metrics statements="12" coveredstatements="7" conditionals="4" coveredconditionals="0" methods="3" coveredmethods="1"/>
      <line num="15" count="2" type="stmt"/>
      <line num="17" count="2" type="stmt"/>
      <line num="18" count="2" type="stmt"/>
      <line num="19" count="2" type="stmt"/>
      <line num="21" count="2" type="stmt"/>
      <line num="22" count="0" type="cond" truecount="0" falsecount="2"/>
      <line num="23" count="0" type="stmt"/>
      <line num="27" count="2" type="stmt"/>
      <line num="29" count="0" type="cond" truecount="0" falsecount="2"/>
      <line num="32" count="0" type="stmt"/>
      <line num="35" count="0" type="stmt"/>
      <line num="40" count="1" type="stmt"/>
    </file>
    <file name="ViewOnlyTaskList.js" path="/home/enrique/gitrepos/cse110/cse110-w21-group29/source/js/ViewOnlyTaskList.js">
      <metrics statements="41" coveredstatements="1" conditionals="2" coveredconditionals="0" methods="12" coveredmethods="0"/>
      <line num="15" count="0" type="stmt"/>
      <line num="17" count="0" type="stmt"/>
      <line num="19" count="0" type="stmt"/>
      <line num="20" count="0" type="stmt"/>
      <line num="21" count="0" type="stmt"/>
      <line num="23" count="0" type="stmt"/>
      <line num="24" count="0" type="stmt"/>
      <line num="25" count="0" type="stmt"/>
      <line num="27" count="0" type="stmt"/>
      <line num="29" count="0" type="stmt"/>
      <line num="30" count="0" type="stmt"/>
      <line num="31" count="0" type="stmt"/>
      <line num="34" count="0" type="stmt"/>
      <line num="41" count="0" type="stmt"/>
      <line num="45" count="0" type="stmt"/>
      <line num="46" count="0" type="stmt"/>
      <line num="49" count="0" type="stmt"/>
      <line num="50" count="0" type="stmt"/>
      <line num="51" count="0" type="stmt"/>
      <line num="52" count="0" type="stmt"/>
      <line num="55" count="0" type="stmt"/>
      <line num="56" count="0" type="stmt"/>
      <line num="57" count="0" type="stmt"/>
      <line num="58" count="0" type="stmt"/>
      <line num="59" count="0" type="stmt"/>
      <line num="68" count="0" type="stmt"/>
      <line num="69" count="0" type="stmt"/>
      <line num="71" count="0" type="stmt"/>
      <line num="72" count="0" type="stmt"/>
      <line num="74" count="0" type="stmt"/>
      <line num="75" count="0" type="stmt"/>
      <line num="84" count="0" type="stmt"/>
      <line num="85" count="0" type="stmt"/>
      <line num="92" count="0" type="cond" truecount="0" falsecount="2"/>
      <line num="93" count="0" type="stmt"/>
      <line num="95" count="0" type="stmt"/>
      <line num="100" count="0" type="stmt"/>
      <line num="101" count="0" type="stmt"/>
      <line num="105" count="0" type="stmt"/>
      <line num="106" count="0" type="stmt"/>
      <line num="110" count="1" type="stmt"/>
    </file>
  </project>
</coverage>
