{"/home/enrique/gitrepos/cse110/cse110-w21-group29/source/js/CurrentYear.js": {"path":"/home/enrique/gitrepos/cse110/cse110-w21-group29/source/js/CurrentYear.js","statementMap":{"0":{"start":{"line":12,"column":4},"end":{"line":12,"column":12}},"1":{"start":{"line":14,"column":4},"end":{"line":14,"column":72}},"2":{"start":{"line":18,"column":0},"end":{"line":18,"column":51}}},"fnMap":{"0":{"name":"(anonymous_0)","decl":{"start":{"line":11,"column":2},"end":{"line":11,"column":3}},"loc":{"start":{"line":11,"column":16},"end":{"line":15,"column":3}},"line":11}},"branchMap":{},"s":{"0":3,"1":3,"2":1},"f":{"0":3},"b":{},"_coverageSchema":"1a1c01bbd47fc00a2c39e90264f33305004495a9","hash":"d27fae4250b5f0f5eb77b7deaf78f2ecbdb3925d"}
,"/home/enrique/gitrepos/cse110/cse110-w21-group29/source/js/EditableTaskList.js": {"path":"/home/enrique/gitrepos/cse110/cse110-w21-group29/source/js/EditableTaskList.js","statementMap":{"0":{"start":{"line":16,"column":4},"end":{"line":16,"column":12}},"1":{"start":{"line":18,"column":4},"end":{"line":18,"column":46}},"2":{"start":{"line":19,"column":4},"end":{"line":19,"column":93}},"3":{"start":{"line":20,"column":4},"end":{"line":20,"column":98}},"4":{"start":{"line":21,"column":4},"end":{"line":21,"column":49}},"5":{"start":{"line":22,"column":4},"end":{"line":22,"column":50}},"6":{"start":{"line":26,"column":0},"end":{"line":26,"column":62}}},"fnMap":{"0":{"name":"(anonymous_0)","decl":{"start":{"line":15,"column":2},"end":{"line":15,"column":3}},"loc":{"start":{"line":15,"column":16},"end":{"line":23,"column":3}},"line":15}},"branchMap":{},"s":{"0":1,"1":1,"2":1,"3":1,"4":1,"5":1,"6":1},"f":{"0":1},"b":{},"_coverageSchema":"1a1c01bbd47fc00a2c39e90264f33305004495a9","hash":"2b4a66a944ff54cdddb1c8d797225fc5e111eb6f"}
,"/home/enrique/gitrepos/cse110/cse110-w21-group29/source/js/EditableTaskListBody.js": {"path":"/home/enrique/gitrepos/cse110/cse110-w21-group29/source/js/EditableTaskListBody.js","statementMap":{"0":{"start":{"line":16,"column":4},"end":{"line":16,"column":12}},"1":{"start":{"line":19,"column":4},"end":{"line":19,"column":73}},"2":{"start":{"line":20,"column":4},"end":{"line":20,"column":31}},"3":{"start":{"line":21,"column":4},"end":{"line":21,"column":29}},"4":{"start":{"line":24,"column":4},"end":{"line":26,"column":7}},"5":{"start":{"line":25,"column":6},"end":{"line":25,"column":44}},"6":{"start":{"line":35,"column":4},"end":{"line":35,"column":34}},"7":{"start":{"line":36,"column":4},"end":{"line":36,"column":51}},"8":{"start":{"line":43,"column":4},"end":{"line":43,"column":27}},"9":{"start":{"line":44,"column":4},"end":{"line":44,"column":30}},"10":{"start":{"line":45,"column":4},"end":{"line":45,"column":31}},"11":{"start":{"line":54,"column":4},"end":{"line":56,"column":5}},"12":{"start":{"line":55,"column":6},"end":{"line":55,"column":24}},"13":{"start":{"line":58,"column":4},"end":{"line":58,"column":26}},"14":{"start":{"line":59,"column":4},"end":{"line":59,"column":32}},"15":{"start":{"line":60,"column":4},"end":{"line":60,"column":61}},"16":{"start":{"line":60,"column":48},"end":{"line":60,"column":59}},"17":{"start":{"line":62,"column":4},"end":{"line":62,"column":35}},"18":{"start":{"line":64,"column":4},"end":{"line":66,"column":7}},"19":{"start":{"line":65,"column":6},"end":{"line":65,"column":29}},"20":{"start":{"line":68,"column":4},"end":{"line":68,"column":22}},"21":{"start":{"line":69,"column":4},"end":{"line":69,"column":80}},"22":{"start":{"line":77,"column":4},"end":{"line":79,"column":5}},"23":{"start":{"line":78,"column":6},"end":{"line":78,"column":24}},"24":{"start":{"line":81,"column":4},"end":{"line":81,"column":49}},"25":{"start":{"line":82,"column":4},"end":{"line":82,"column":17}},"26":{"start":{"line":84,"column":4},"end":{"line":87,"column":7}},"27":{"start":{"line":85,"column":6},"end":{"line":85,"column":49}},"28":{"start":{"line":86,"column":6},"end":{"line":86,"column":27}},"29":{"start":{"line":89,"column":4},"end":{"line":89,"column":36}},"30":{"start":{"line":96,"column":22},"end":{"line":96,"column":68}},"31":{"start":{"line":96,"column":56},"end":{"line":96,"column":67}},"32":{"start":{"line":97,"column":4},"end":{"line":97,"column":75}},"33":{"start":{"line":98,"column":4},"end":{"line":98,"column":36}},"34":{"start":{"line":99,"column":4},"end":{"line":99,"column":22}},"35":{"start":{"line":106,"column":4},"end":{"line":106,"column":50}},"36":{"start":{"line":108,"column":4},"end":{"line":111,"column":7}},"37":{"start":{"line":109,"column":6},"end":{"line":109,"column":28}},"38":{"start":{"line":110,"column":6},"end":{"line":110,"column":43}},"39":{"start":{"line":113,"column":4},"end":{"line":113,"column":29}},"40":{"start":{"line":115,"column":4},"end":{"line":115,"column":36}},"41":{"start":{"line":125,"column":18},"end":{"line":125,"column":47}},"42":{"start":{"line":126,"column":4},"end":{"line":126,"column":28}},"43":{"start":{"line":128,"column":16},"end":{"line":128,"column":37}},"44":{"start":{"line":129,"column":19},"end":{"line":129,"column":48}},"45":{"start":{"line":130,"column":23},"end":{"line":130,"column":51}},"46":{"start":{"line":131,"column":57},"end":{"line":131,"column":82}},"47":{"start":{"line":132,"column":21},"end":{"line":132,"column":25}},"48":{"start":{"line":134,"column":4},"end":{"line":134,"column":32}},"49":{"start":{"line":136,"column":4},"end":{"line":138,"column":7}},"50":{"start":{"line":137,"column":6},"end":{"line":137,"column":28}},"51":{"start":{"line":140,"column":4},"end":{"line":146,"column":7}},"52":{"start":{"line":141,"column":6},"end":{"line":145,"column":9}},"53":{"start":{"line":142,"column":8},"end":{"line":144,"column":9}},"54":{"start":{"line":143,"column":10},"end":{"line":143,"column":26}},"55":{"start":{"line":148,"column":4},"end":{"line":150,"column":7}},"56":{"start":{"line":149,"column":6},"end":{"line":149,"column":36}},"57":{"start":{"line":152,"column":4},"end":{"line":154,"column":7}},"58":{"start":{"line":153,"column":6},"end":{"line":153,"column":26}},"59":{"start":{"line":156,"column":4},"end":{"line":158,"column":7}},"60":{"start":{"line":157,"column":6},"end":{"line":157,"column":22}},"61":{"start":{"line":160,"column":4},"end":{"line":162,"column":7}},"62":{"start":{"line":161,"column":6},"end":{"line":161,"column":24}},"63":{"start":{"line":166,"column":0},"end":{"line":166,"column":71}}},"fnMap":{"0":{"name":"(anonymous_0)","decl":{"start":{"line":15,"column":2},"end":{"line":15,"column":3}},"loc":{"start":{"line":15,"column":16},"end":{"line":27,"column":3}},"line":15},"1":{"name":"(anonymous_1)","decl":{"start":{"line":24,"column":27},"end":{"line":24,"column":28}},"loc":{"start":{"line":24,"column":54},"end":{"line":26,"column":5}},"line":24},"2":{"name":"(anonymous_2)","decl":{"start":{"line":34,"column":2},"end":{"line":34,"column":3}},"loc":{"start":{"line":34,"column":18},"end":{"line":37,"column":3}},"line":34},"3":{"name":"(anonymous_3)","decl":{"start":{"line":42,"column":2},"end":{"line":42,"column":3}},"loc":{"start":{"line":42,"column":22},"end":{"line":46,"column":3}},"line":42},"4":{"name":"(anonymous_4)","decl":{"start":{"line":53,"column":2},"end":{"line":53,"column":3}},"loc":{"start":{"line":53,"column":23},"end":{"line":70,"column":3}},"line":53},"5":{"name":"(anonymous_5)","decl":{"start":{"line":60,"column":37},"end":{"line":60,"column":38}},"loc":{"start":{"line":60,"column":48},"end":{"line":60,"column":59}},"line":60},"6":{"name":"(anonymous_6)","decl":{"start":{"line":64,"column":19},"end":{"line":64,"column":20}},"loc":{"start":{"line":64,"column":30},"end":{"line":66,"column":5}},"line":64},"7":{"name":"(anonymous_7)","decl":{"start":{"line":76,"column":2},"end":{"line":76,"column":3}},"loc":{"start":{"line":76,"column":17},"end":{"line":90,"column":3}},"line":76},"8":{"name":"(anonymous_8)","decl":{"start":{"line":84,"column":38},"end":{"line":84,"column":39}},"loc":{"start":{"line":84,"column":52},"end":{"line":87,"column":5}},"line":84},"9":{"name":"(anonymous_9)","decl":{"start":{"line":95,"column":2},"end":{"line":95,"column":3}},"loc":{"start":{"line":95,"column":13},"end":{"line":100,"column":3}},"line":95},"10":{"name":"(anonymous_10)","decl":{"start":{"line":96,"column":45},"end":{"line":96,"column":46}},"loc":{"start":{"line":96,"column":56},"end":{"line":96,"column":67}},"line":96},"11":{"name":"(anonymous_11)","decl":{"start":{"line":105,"column":2},"end":{"line":105,"column":3}},"loc":{"start":{"line":105,"column":15},"end":{"line":116,"column":3}},"line":105},"12":{"name":"(anonymous_12)","decl":{"start":{"line":108,"column":31},"end":{"line":108,"column":32}},"loc":{"start":{"line":108,"column":45},"end":{"line":111,"column":5}},"line":108},"13":{"name":"(anonymous_13)","decl":{"start":{"line":124,"column":2},"end":{"line":124,"column":3}},"loc":{"start":{"line":124,"column":21},"end":{"line":163,"column":3}},"line":124},"14":{"name":"(anonymous_14)","decl":{"start":{"line":136,"column":19},"end":{"line":136,"column":20}},"loc":{"start":{"line":136,"column":33},"end":{"line":138,"column":5}},"line":136},"15":{"name":"(anonymous_15)","decl":{"start":{"line":140,"column":23},"end":{"line":140,"column":24}},"loc":{"start":{"line":140,"column":34},"end":{"line":146,"column":5}},"line":140},"16":{"name":"(anonymous_16)","decl":{"start":{"line":141,"column":38},"end":{"line":141,"column":39}},"loc":{"start":{"line":141,"column":45},"end":{"line":145,"column":7}},"line":141},"17":{"name":"(anonymous_17)","decl":{"start":{"line":148,"column":39},"end":{"line":148,"column":40}},"loc":{"start":{"line":148,"column":45},"end":{"line":150,"column":5}},"line":148},"18":{"name":"(anonymous_18)","decl":{"start":{"line":152,"column":41},"end":{"line":152,"column":42}},"loc":{"start":{"line":152,"column":47},"end":{"line":154,"column":5}},"line":152},"19":{"name":"(anonymous_19)","decl":{"start":{"line":156,"column":39},"end":{"line":156,"column":40}},"loc":{"start":{"line":156,"column":45},"end":{"line":158,"column":5}},"line":156},"20":{"name":"(anonymous_20)","decl":{"start":{"line":160,"column":41},"end":{"line":160,"column":42}},"loc":{"start":{"line":160,"column":47},"end":{"line":162,"column":5}},"line":160}},"branchMap":{"0":{"loc":{"start":{"line":54,"column":4},"end":{"line":56,"column":5}},"type":"if","locations":[{"start":{"line":54,"column":4},"end":{"line":56,"column":5}},{"start":{"line":54,"column":4},"end":{"line":56,"column":5}}],"line":54},"1":{"loc":{"start":{"line":77,"column":4},"end":{"line":79,"column":5}},"type":"if","locations":[{"start":{"line":77,"column":4},"end":{"line":79,"column":5}},{"start":{"line":77,"column":4},"end":{"line":79,"column":5}}],"line":77},"2":{"loc":{"start":{"line":142,"column":8},"end":{"line":144,"column":9}},"type":"if","locations":[{"start":{"line":142,"column":8},"end":{"line":144,"column":9}},{"start":{"line":142,"column":8},"end":{"line":144,"column":9}}],"line":142}},"s":{"0":1,"1":1,"2":1,"3":1,"4":1,"5":0,"6":0,"7":0,"8":1,"9":1,"10":1,"11":0,"12":0,"13":0,"14":0,"15":0,"16":0,"17":0,"18":0,"19":0,"20":0,"21":0,"22":0,"23":0,"24":0,"25":0,"26":0,"27":0,"28":0,"29":0,"30":0,"31":0,"32":0,"33":0,"34":0,"35":0,"36":0,"37":0,"38":0,"39":0,"40":0,"41":0,"42":0,"43":0,"44":0,"45":0,"46":0,"47":0,"48":0,"49":0,"50":0,"51":0,"52":0,"53":0,"54":0,"55":0,"56":0,"57":0,"58":0,"59":0,"60":0,"61":0,"62":0,"63":1},"f":{"0":1,"1":0,"2":0,"3":1,"4":0,"5":0,"6":0,"7":0,"8":0,"9":0,"10":0,"11":0,"12":0,"13":0,"14":0,"15":0,"16":0,"17":0,"18":0,"19":0,"20":0},"b":{"0":[0,0],"1":[0,0],"2":[0,0]},"_coverageSchema":"1a1c01bbd47fc00a2c39e90264f33305004495a9","hash":"80066a8bef2b49cf9c02f69aac2f2fa668f1d561"}
,"/home/enrique/gitrepos/cse110/cse110-w21-group29/source/js/EditableTaskListInput.js": {"path":"/home/enrique/gitrepos/cse110/cse110-w21-group29/source/js/EditableTaskListInput.js","statementMap":{"0":{"start":{"line":15,"column":4},"end":{"line":15,"column":12}},"1":{"start":{"line":18,"column":18},"end":{"line":18,"column":85}},"2":{"start":{"line":19,"column":4},"end":{"line":19,"column":28}},"3":{"start":{"line":22,"column":4},"end":{"line":22,"column":74}},"4":{"start":{"line":23,"column":4},"end":{"line":23,"column":47}},"5":{"start":{"line":26,"column":4},"end":{"line":30,"column":7}},"6":{"start":{"line":27,"column":6},"end":{"line":29,"column":9}},"7":{"start":{"line":28,"column":8},"end":{"line":28,"column":33}},"8":{"start":{"line":33,"column":4},"end":{"line":39,"column":7}},"9":{"start":{"line":34,"column":6},"end":{"line":38,"column":9}},"10":{"start":{"line":35,"column":8},"end":{"line":37,"column":9}},"11":{"start":{"line":36,"column":10},"end":{"line":36,"column":24}},"12":{"start":{"line":42,"column":4},"end":{"line":44,"column":7}},"13":{"start":{"line":43,"column":6},"end":{"line":43,"column":20}},"14":{"start":{"line":51,"column":4},"end":{"line":51,"column":17}},"15":{"start":{"line":58,"column":4},"end":{"line":67,"column":5}},"16":{"start":{"line":64,"column":6},"end":{"line":64,"column":34}},"17":{"start":{"line":66,"column":6},"end":{"line":66,"column":35}},"18":{"start":{"line":74,"column":4},"end":{"line":74,"column":87}},"19":{"start":{"line":75,"column":4},"end":{"line":75,"column":17}},"20":{"start":{"line":82,"column":4},"end":{"line":82,"column":30}},"21":{"start":{"line":83,"column":4},"end":{"line":83,"column":34}},"22":{"start":{"line":84,"column":4},"end":{"line":84,"column":27}},"23":{"start":{"line":85,"column":4},"end":{"line":85,"column":29}},"24":{"start":{"line":89,"column":0},"end":{"line":89,"column":73}}},"fnMap":{"0":{"name":"(anonymous_0)","decl":{"start":{"line":14,"column":2},"end":{"line":14,"column":3}},"loc":{"start":{"line":14,"column":16},"end":{"line":45,"column":3}},"line":14},"1":{"name":"(anonymous_1)","decl":{"start":{"line":26,"column":49},"end":{"line":26,"column":50}},"loc":{"start":{"line":26,"column":60},"end":{"line":30,"column":5}},"line":26},"2":{"name":"(anonymous_2)","decl":{"start":{"line":27,"column":38},"end":{"line":27,"column":39}},"loc":{"start":{"line":27,"column":44},"end":{"line":29,"column":7}},"line":27},"3":{"name":"(anonymous_3)","decl":{"start":{"line":33,"column":49},"end":{"line":33,"column":50}},"loc":{"start":{"line":33,"column":60},"end":{"line":39,"column":5}},"line":33},"4":{"name":"(anonymous_4)","decl":{"start":{"line":34,"column":38},"end":{"line":34,"column":39}},"loc":{"start":{"line":34,"column":45},"end":{"line":38,"column":7}},"line":34},"5":{"name":"(anonymous_5)","decl":{"start":{"line":42,"column":42},"end":{"line":42,"column":43}},"loc":{"start":{"line":42,"column":48},"end":{"line":44,"column":5}},"line":42},"6":{"name":"(anonymous_6)","decl":{"start":{"line":50,"column":2},"end":{"line":50,"column":3}},"loc":{"start":{"line":50,"column":22},"end":{"line":52,"column":3}},"line":50},"7":{"name":"(anonymous_7)","decl":{"start":{"line":57,"column":2},"end":{"line":57,"column":3}},"loc":{"start":{"line":57,"column":22},"end":{"line":68,"column":3}},"line":57},"8":{"name":"(anonymous_8)","decl":{"start":{"line":73,"column":2},"end":{"line":73,"column":3}},"loc":{"start":{"line":73,"column":11},"end":{"line":76,"column":3}},"line":73},"9":{"name":"(anonymous_9)","decl":{"start":{"line":81,"column":2},"end":{"line":81,"column":3}},"loc":{"start":{"line":81,"column":10},"end":{"line":86,"column":3}},"line":81}},"branchMap":{"0":{"loc":{"start":{"line":35,"column":8},"end":{"line":37,"column":9}},"type":"if","locations":[{"start":{"line":35,"column":8},"end":{"line":37,"column":9}},{"start":{"line":35,"column":8},"end":{"line":37,"column":9}}],"line":35},"1":{"loc":{"start":{"line":35,"column":12},"end":{"line":35,"column":55}},"type":"binary-expr","locations":[{"start":{"line":35,"column":12},"end":{"line":35,"column":30}},{"start":{"line":35,"column":34},"end":{"line":35,"column":55}}],"line":35},"2":{"loc":{"start":{"line":58,"column":4},"end":{"line":67,"column":5}},"type":"if","locations":[{"start":{"line":58,"column":4},"end":{"line":67,"column":5}},{"start":{"line":58,"column":4},"end":{"line":67,"column":5}}],"line":58},"3":{"loc":{"start":{"line":58,"column":8},"end":{"line":58,"column":81}},"type":"binary-expr","locations":[{"start":{"line":58,"column":8},"end":{"line":58,"column":41}},{"start":{"line":58,"column":45},"end":{"line":58,"column":81}}],"line":58}},"s":{"0":1,"1":1,"2":1,"3":1,"4":1,"5":1,"6":2,"7":0,"8":1,"9":2,"10":0,"11":0,"12":1,"13":0,"14":0,"15":0,"16":0,"17":0,"18":0,"19":0,"20":0,"21":0,"22":0,"23":0,"24":1},"f":{"0":1,"1":2,"2":0,"3":2,"4":0,"5":0,"6":0,"7":0,"8":0,"9":0},"b":{"0":[0,0],"1":[0,0],"2":[0,0],"3":[0,0]},"_coverageSchema":"1a1c01bbd47fc00a2c39e90264f33305004495a9","hash":"631b396cfb00fabfab7c7d4bb9b8a6dc3f140b97"}
,"/home/enrique/gitrepos/cse110/cse110-w21-group29/source/js/ReturningUser.js": {"path":"/home/enrique/gitrepos/cse110/cse110-w21-group29/source/js/ReturningUser.js","statementMap":{"0":{"start":{"line":14,"column":4},"end":{"line":14,"column":12}},"1":{"start":{"line":17,"column":4},"end":{"line":19,"column":5}},"2":{"start":{"line":18,"column":6},"end":{"line":18,"column":53}},"3":{"start":{"line":27,"column":14},"end":{"line":27,"column":41}},"4":{"start":{"line":28,"column":17},"end":{"line":28,"column":52}},"5":{"start":{"line":29,"column":4},"end":{"line":29,"column":24}},"6":{"start":{"line":30,"column":4},"end":{"line":30,"column":54}},"7":{"start":{"line":31,"column":4},"end":{"line":31,"column":24}},"8":{"start":{"line":32,"column":4},"end":{"line":32,"column":13}},"9":{"start":{"line":36,"column":0},"end":{"line":36,"column":55}}},"fnMap":{"0":{"name":"(anonymous_0)","decl":{"start":{"line":13,"column":2},"end":{"line":13,"column":3}},"loc":{"start":{"line":13,"column":16},"end":{"line":20,"column":3}},"line":13},"1":{"name":"(anonymous_1)","decl":{"start":{"line":26,"column":2},"end":{"line":26,"column":3}},"loc":{"start":{"line":26,"column":24},"end":{"line":33,"column":3}},"line":26}},"branchMap":{"0":{"loc":{"start":{"line":17,"column":4},"end":{"line":19,"column":5}},"type":"if","locations":[{"start":{"line":17,"column":4},"end":{"line":19,"column":5}},{"start":{"line":17,"column":4},"end":{"line":19,"column":5}}],"line":17}},"s":{"0":2,"1":2,"2":0,"3":0,"4":0,"5":0,"6":0,"7":0,"8":0,"9":1},"f":{"0":2,"1":0},"b":{"0":[0,2]},"_coverageSchema":"1a1c01bbd47fc00a2c39e90264f33305004495a9","hash":"97950970d52256e180493be9ec79925e840b1ea7"}
,"/home/enrique/gitrepos/cse110/cse110-w21-group29/source/js/TaskList.js": {"path":"/home/enrique/gitrepos/cse110/cse110-w21-group29/source/js/TaskList.js","statementMap":{"0":{"start":{"line":15,"column":19},"end":{"line":15,"column":63}},"1":{"start":{"line":17,"column":4},"end":{"line":24,"column":5}},"2":{"start":{"line":19,"column":6},"end":{"line":19,"column":19}},"3":{"start":{"line":22,"column":6},"end":{"line":22,"column":30}},"4":{"start":{"line":23,"column":6},"end":{"line":23,"column":40}},"5":{"start":{"line":31,"column":4},"end":{"line":31,"column":19}},"6":{"start":{"line":32,"column":4},"end":{"line":32,"column":24}},"7":{"start":{"line":33,"column":4},"end":{"line":33,"column":16}},"8":{"start":{"line":41,"column":4},"end":{"line":41,"column":101}},"9":{"start":{"line":51,"column":17},"end":{"line":55,"column":5}},"10":{"start":{"line":58,"column":4},"end":{"line":58,"column":25}},"11":{"start":{"line":59,"column":4},"end":{"line":59,"column":16}},"12":{"start":{"line":67,"column":4},"end":{"line":67,"column":31}},"13":{"start":{"line":68,"column":4},"end":{"line":68,"column":16}},"14":{"start":{"line":78,"column":25},"end":{"line":78,"column":54}},"15":{"start":{"line":79,"column":4},"end":{"line":81,"column":5}},"16":{"start":{"line":80,"column":6},"end":{"line":80,"column":13}},"17":{"start":{"line":82,"column":4},"end":{"line":82,"column":33}},"18":{"start":{"line":83,"column":4},"end":{"line":83,"column":41}},"19":{"start":{"line":84,"column":4},"end":{"line":84,"column":16}},"20":{"start":{"line":91,"column":4},"end":{"line":91,"column":29}},"21":{"start":{"line":92,"column":4},"end":{"line":92,"column":16}},"22":{"start":{"line":99,"column":20},"end":{"line":99,"column":32}},"23":{"start":{"line":101,"column":4},"end":{"line":101,"column":33}},"24":{"start":{"line":102,"column":4},"end":{"line":102,"column":23}}},"fnMap":{"0":{"name":"(anonymous_0)","decl":{"start":{"line":13,"column":2},"end":{"line":13,"column":3}},"loc":{"start":{"line":13,"column":16},"end":{"line":25,"column":3}},"line":13},"1":{"name":"(anonymous_1)","decl":{"start":{"line":30,"column":2},"end":{"line":30,"column":3}},"loc":{"start":{"line":30,"column":10},"end":{"line":34,"column":3}},"line":30},"2":{"name":"(anonymous_2)","decl":{"start":{"line":39,"column":2},"end":{"line":39,"column":3}},"loc":{"start":{"line":39,"column":9},"end":{"line":42,"column":3}},"line":39},"3":{"name":"(anonymous_3)","decl":{"start":{"line":49,"column":2},"end":{"line":49,"column":3}},"loc":{"start":{"line":49,"column":29},"end":{"line":60,"column":3}},"line":49},"4":{"name":"(anonymous_4)","decl":{"start":{"line":66,"column":2},"end":{"line":66,"column":3}},"loc":{"start":{"line":66,"column":20},"end":{"line":69,"column":3}},"line":66},"5":{"name":"(anonymous_5)","decl":{"start":{"line":77,"column":2},"end":{"line":77,"column":3}},"loc":{"start":{"line":77,"column":36},"end":{"line":85,"column":3}},"line":77},"6":{"name":"(anonymous_6)","decl":{"start":{"line":90,"column":2},"end":{"line":90,"column":3}},"loc":{"start":{"line":90,"column":12},"end":{"line":93,"column":3}},"line":90},"7":{"name":"(anonymous_7)","decl":{"start":{"line":98,"column":2},"end":{"line":98,"column":3}},"loc":{"start":{"line":98,"column":15},"end":{"line":103,"column":3}},"line":98}},"branchMap":{"0":{"loc":{"start":{"line":17,"column":4},"end":{"line":24,"column":5}},"type":"if","locations":[{"start":{"line":17,"column":4},"end":{"line":24,"column":5}},{"start":{"line":17,"column":4},"end":{"line":24,"column":5}}],"line":17},"1":{"loc":{"start":{"line":79,"column":4},"end":{"line":81,"column":5}},"type":"if","locations":[{"start":{"line":79,"column":4},"end":{"line":81,"column":5}},{"start":{"line":79,"column":4},"end":{"line":81,"column":5}}],"line":79}},"s":{"0":13,"1":13,"2":2,"3":11,"4":11,"5":13,"6":13,"7":13,"8":135,"9":21,"10":21,"11":21,"12":7,"13":7,"14":3,"15":3,"16":1,"17":2,"18":2,"19":2,"20":91,"21":91,"22":1,"23":1,"24":1},"f":{"0":13,"1":13,"2":135,"3":21,"4":7,"5":3,"6":91,"7":1},"b":{"0":[2,11],"1":[1,2]},"_coverageSchema":"1a1c01bbd47fc00a2c39e90264f33305004495a9","hash":"652a47e29aaaebf29c338167e85852de52ae315f"}
,"/home/enrique/gitrepos/cse110/cse110-w21-group29/source/js/Timer.js": {"path":"/home/enrique/gitrepos/cse110/cse110-w21-group29/source/js/Timer.js","statementMap":{"0":{"start":{"line":21,"column":4},"end":{"line":21,"column":35}},"1":{"start":{"line":21,"column":22},"end":{"line":21,"column":35}},"2":{"start":{"line":22,"column":4},"end":{"line":22,"column":27}},"3":{"start":{"line":23,"column":4},"end":{"line":23,"column":35}},"4":{"start":{"line":23,"column":22},"end":{"line":23,"column":35}},"5":{"start":{"line":24,"column":4},"end":{"line":24,"column":27}},"6":{"start":{"line":25,"column":4},"end":{"line":25,"column":51}},"7":{"start":{"line":35,"column":4},"end":{"line":64,"column":7}},"8":{"start":{"line":38,"column":29},"end":{"line":38,"column":45}},"9":{"start":{"line":39,"column":6},"end":{"line":41,"column":7}},"10":{"start":{"line":40,"column":8},"end":{"line":40,"column":61}},"11":{"start":{"line":42,"column":6},"end":{"line":47,"column":7}},"12":{"start":{"line":43,"column":8},"end":{"line":43,"column":26}},"13":{"start":{"line":44,"column":8},"end":{"line":44,"column":26}},"14":{"start":{"line":45,"column":13},"end":{"line":47,"column":7}},"15":{"start":{"line":46,"column":8},"end":{"line":46,"column":32}},"16":{"start":{"line":48,"column":6},"end":{"line":48,"column":24}},"17":{"start":{"line":50,"column":24},"end":{"line":63,"column":14}},"18":{"start":{"line":52,"column":8},"end":{"line":54,"column":9}},"19":{"start":{"line":53,"column":10},"end":{"line":53,"column":63}},"20":{"start":{"line":55,"column":8},"end":{"line":61,"column":9}},"21":{"start":{"line":56,"column":10},"end":{"line":56,"column":28}},"22":{"start":{"line":57,"column":10},"end":{"line":57,"column":28}},"23":{"start":{"line":58,"column":15},"end":{"line":61,"column":9}},"24":{"start":{"line":59,"column":10},"end":{"line":59,"column":34}},"25":{"start":{"line":60,"column":10},"end":{"line":60,"column":35}},"26":{"start":{"line":62,"column":8},"end":{"line":62,"column":26}}},"fnMap":{"0":{"name":"(anonymous_0)","decl":{"start":{"line":20,"column":2},"end":{"line":20,"column":3}},"loc":{"start":{"line":20,"column":53},"end":{"line":26,"column":3}},"line":20},"1":{"name":"(anonymous_1)","decl":{"start":{"line":34,"column":2},"end":{"line":34,"column":3}},"loc":{"start":{"line":34,"column":15},"end":{"line":65,"column":3}},"line":34},"2":{"name":"(anonymous_2)","decl":{"start":{"line":35,"column":23},"end":{"line":35,"column":24}},"loc":{"start":{"line":35,"column":36},"end":{"line":64,"column":5}},"line":35},"3":{"name":"(anonymous_3)","decl":{"start":{"line":50,"column":36},"end":{"line":50,"column":37}},"loc":{"start":{"line":50,"column":42},"end":{"line":63,"column":7}},"line":50}},"branchMap":{"0":{"loc":{"start":{"line":21,"column":4},"end":{"line":21,"column":35}},"type":"if","locations":[{"start":{"line":21,"column":4},"end":{"line":21,"column":35}},{"start":{"line":21,"column":4},"end":{"line":21,"column":35}}],"line":21},"1":{"loc":{"start":{"line":23,"column":4},"end":{"line":23,"column":35}},"type":"if","locations":[{"start":{"line":23,"column":4},"end":{"line":23,"column":35}},{"start":{"line":23,"column":4},"end":{"line":23,"column":35}}],"line":23},"2":{"loc":{"start":{"line":39,"column":6},"end":{"line":41,"column":7}},"type":"if","locations":[{"start":{"line":39,"column":6},"end":{"line":41,"column":7}},{"start":{"line":39,"column":6},"end":{"line":41,"column":7}}],"line":39},"3":{"loc":{"start":{"line":42,"column":6},"end":{"line":47,"column":7}},"type":"if","locations":[{"start":{"line":42,"column":6},"end":{"line":47,"column":7}},{"start":{"line":42,"column":6},"end":{"line":47,"column":7}}],"line":42},"4":{"loc":{"start":{"line":42,"column":10},"end":{"line":42,"column":50}},"type":"binary-expr","locations":[{"start":{"line":42,"column":10},"end":{"line":42,"column":28}},{"start":{"line":42,"column":32},"end":{"line":42,"column":50}}],"line":42},"5":{"loc":{"start":{"line":45,"column":13},"end":{"line":47,"column":7}},"type":"if","locations":[{"start":{"line":45,"column":13},"end":{"line":47,"column":7}},{"start":{"line":45,"column":13},"end":{"line":47,"column":7}}],"line":45},"6":{"loc":{"start":{"line":45,"column":17},"end":{"line":45,"column":57}},"type":"binary-expr","locations":[{"start":{"line":45,"column":17},"end":{"line":45,"column":35}},{"start":{"line":45,"column":39},"end":{"line":45,"column":57}}],"line":45},"7":{"loc":{"start":{"line":52,"column":8},"end":{"line":54,"column":9}},"type":"if","locations":[{"start":{"line":52,"column":8},"end":{"line":54,"column":9}},{"start":{"line":52,"column":8},"end":{"line":54,"column":9}}],"line":52},"8":{"loc":{"start":{"line":55,"column":8},"end":{"line":61,"column":9}},"type":"if","locations":[{"start":{"line":55,"column":8},"end":{"line":61,"column":9}},{"start":{"line":55,"column":8},"end":{"line":61,"column":9}}],"line":55},"9":{"loc":{"start":{"line":55,"column":12},"end":{"line":55,"column":52}},"type":"binary-expr","locations":[{"start":{"line":55,"column":12},"end":{"line":55,"column":30}},{"start":{"line":55,"column":34},"end":{"line":55,"column":52}}],"line":55},"10":{"loc":{"start":{"line":58,"column":15},"end":{"line":61,"column":9}},"type":"if","locations":[{"start":{"line":58,"column":15},"end":{"line":61,"column":9}},{"start":{"line":58,"column":15},"end":{"line":61,"column":9}}],"line":58},"11":{"loc":{"start":{"line":58,"column":19},"end":{"line":58,"column":59}},"type":"binary-expr","locations":[{"start":{"line":58,"column":19},"end":{"line":58,"column":37}},{"start":{"line":58,"column":41},"end":{"line":58,"column":59}}],"line":58}},"s":{"0":12,"1":1,"2":12,"3":12,"4":1,"5":12,"6":12,"7":6,"8":6,"9":6,"10":5,"11":6,"12":1,"13":1,"14":5,"15":1,"16":6,"17":6,"18":138,"19":133,"20":138,"21":1,"22":1,"23":137,"24":3,"25":3,"26":138},"f":{"0":12,"1":6,"2":6,"3":138},"b":{"0":[1,11],"1":[1,11],"2":[5,1],"3":[1,5],"4":[6,2],"5":[1,4],"6":[5,1],"7":[133,5],"8":[1,137],"9":[138,4],"10":[3,134],"11":[137,3]},"_coverageSchema":"1a1c01bbd47fc00a2c39e90264f33305004495a9","hash":"26dac287488396b429dc0179dc843175c01a41cd"}
,"/home/enrique/gitrepos/cse110/cse110-w21-group29/source/js/TimerUI.js": {"path":"/home/enrique/gitrepos/cse110/cse110-w21-group29/source/js/TimerUI.js","statementMap":{"0":{"start":{"line":18,"column":4},"end":{"line":18,"column":12}},"1":{"start":{"line":20,"column":4},"end":{"line":20,"column":135}},"2":{"start":{"line":21,"column":4},"end":{"line":21,"column":88}},"3":{"start":{"line":23,"column":4},"end":{"line":23,"column":50}},"4":{"start":{"line":27,"column":4},"end":{"line":27,"column":34}},"5":{"start":{"line":38,"column":4},"end":{"line":41,"column":7}},"6":{"start":{"line":40,"column":6},"end":{"line":40,"column":102}},"7":{"start":{"line":52,"column":4},"end":{"line":52,"column":118}},"8":{"start":{"line":53,"column":4},"end":{"line":53,"column":35}},"9":{"start":{"line":63,"column":4},"end":{"line":63,"column":53}},"10":{"start":{"line":63,"column":23},"end":{"line":63,"column":51}},"11":{"start":{"line":64,"column":4},"end":{"line":64,"column":26}},"12":{"start":{"line":74,"column":4},"end":{"line":74,"column":35}},"13":{"start":{"line":74,"column":23},"end":{"line":74,"column":35}},"14":{"start":{"line":75,"column":4},"end":{"line":75,"column":49}},"15":{"start":{"line":75,"column":21},"end":{"line":75,"column":49}},"16":{"start":{"line":76,"column":4},"end":{"line":76,"column":26}},"17":{"start":{"line":83,"column":4},"end":{"line":83,"column":70}},"18":{"start":{"line":84,"column":4},"end":{"line":84,"column":69}},"19":{"start":{"line":91,"column":4},"end":{"line":91,"column":72}},"20":{"start":{"line":92,"column":4},"end":{"line":92,"column":67}},"21":{"start":{"line":96,"column":0},"end":{"line":96,"column":45}}},"fnMap":{"0":{"name":"(anonymous_0)","decl":{"start":{"line":17,"column":2},"end":{"line":17,"column":3}},"loc":{"start":{"line":17,"column":16},"end":{"line":24,"column":3}},"line":17},"1":{"name":"(anonymous_1)","decl":{"start":{"line":26,"column":2},"end":{"line":26,"column":3}},"loc":{"start":{"line":26,"column":10},"end":{"line":28,"column":3}},"line":26},"2":{"name":"(anonymous_2)","decl":{"start":{"line":37,"column":2},"end":{"line":37,"column":3}},"loc":{"start":{"line":37,"column":32},"end":{"line":42,"column":3}},"line":37},"3":{"name":"(anonymous_3)","decl":{"start":{"line":38,"column":45},"end":{"line":38,"column":46}},"loc":{"start":{"line":38,"column":71},"end":{"line":41,"column":5}},"line":38},"4":{"name":"(anonymous_4)","decl":{"start":{"line":50,"column":2},"end":{"line":50,"column":3}},"loc":{"start":{"line":50,"column":15},"end":{"line":54,"column":3}},"line":50},"5":{"name":"(anonymous_5)","decl":{"start":{"line":62,"column":2},"end":{"line":62,"column":3}},"loc":{"start":{"line":62,"column":30},"end":{"line":65,"column":3}},"line":62},"6":{"name":"(anonymous_6)","decl":{"start":{"line":73,"column":2},"end":{"line":73,"column":3}},"loc":{"start":{"line":73,"column":30},"end":{"line":77,"column":3}},"line":73},"7":{"name":"(anonymous_7)","decl":{"start":{"line":82,"column":2},"end":{"line":82,"column":3}},"loc":{"start":{"line":82,"column":18},"end":{"line":85,"column":3}},"line":82},"8":{"name":"(anonymous_8)","decl":{"start":{"line":90,"column":2},"end":{"line":90,"column":3}},"loc":{"start":{"line":90,"column":16},"end":{"line":93,"column":3}},"line":90}},"branchMap":{"0":{"loc":{"start":{"line":63,"column":4},"end":{"line":63,"column":53}},"type":"if","locations":[{"start":{"line":63,"column":4},"end":{"line":63,"column":53}},{"start":{"line":63,"column":4},"end":{"line":63,"column":53}}],"line":63},"1":{"loc":{"start":{"line":74,"column":4},"end":{"line":74,"column":35}},"type":"if","locations":[{"start":{"line":74,"column":4},"end":{"line":74,"column":35}},{"start":{"line":74,"column":4},"end":{"line":74,"column":35}}],"line":74},"2":{"loc":{"start":{"line":75,"column":4},"end":{"line":75,"column":49}},"type":"if","locations":[{"start":{"line":75,"column":4},"end":{"line":75,"column":49}},{"start":{"line":75,"column":4},"end":{"line":75,"column":49}}],"line":75}},"s":{"0":7,"1":7,"2":7,"3":7,"4":1,"5":3,"6":2,"7":1,"8":1,"9":3,"10":3,"11":0,"12":3,"13":0,"14":3,"15":3,"16":0,"17":1,"18":1,"19":1,"20":1,"21":1},"f":{"0":7,"1":1,"2":3,"3":2,"4":1,"5":3,"6":3,"7":1,"8":1},"b":{"0":[3,0],"1":[0,3],"2":[3,0]},"_coverageSchema":"1a1c01bbd47fc00a2c39e90264f33305004495a9","hash":"2b77c865e3d73034a66192a518da04f28ead4ba6"}
,"/home/enrique/gitrepos/cse110/cse110-w21-group29/source/js/UsernameInput.js": {"path":"/home/enrique/gitrepos/cse110/cse110-w21-group29/source/js/UsernameInput.js","statementMap":{"0":{"start":{"line":15,"column":4},"end":{"line":15,"column":12}},"1":{"start":{"line":17,"column":4},"end":{"line":17,"column":98}},"2":{"start":{"line":18,"column":18},"end":{"line":18,"column":52}},"3":{"start":{"line":19,"column":19},"end":{"line":19,"column":60}},"4":{"start":{"line":21,"column":4},"end":{"line":25,"column":7}},"5":{"start":{"line":22,"column":6},"end":{"line":24,"column":7}},"6":{"start":{"line":23,"column":8},"end":{"line":23,"column":23}},"7":{"start":{"line":27,"column":4},"end":{"line":36,"column":7}},"8":{"start":{"line":29,"column":6},"end":{"line":29,"column":41}},"9":{"start":{"line":29,"column":34},"end":{"line":29,"column":41}},"10":{"start":{"line":32,"column":6},"end":{"line":32,"column":52}},"11":{"start":{"line":35,"column":6},"end":{"line":35,"column":42}},"12":{"start":{"line":40,"column":0},"end":{"line":40,"column":55}}},"fnMap":{"0":{"name":"(anonymous_0)","decl":{"start":{"line":14,"column":2},"end":{"line":14,"column":3}},"loc":{"start":{"line":14,"column":16},"end":{"line":37,"column":3}},"line":14},"1":{"name":"(anonymous_1)","decl":{"start":{"line":21,"column":36},"end":{"line":21,"column":37}},"loc":{"start":{"line":21,"column":43},"end":{"line":25,"column":5}},"line":21},"2":{"name":"(anonymous_2)","decl":{"start":{"line":27,"column":37},"end":{"line":27,"column":38}},"loc":{"start":{"line":27,"column":43},"end":{"line":36,"column":5}},"line":27}},"branchMap":{"0":{"loc":{"start":{"line":22,"column":6},"end":{"line":24,"column":7}},"type":"if","locations":[{"start":{"line":22,"column":6},"end":{"line":24,"column":7}},{"start":{"line":22,"column":6},"end":{"line":24,"column":7}}],"line":22},"1":{"loc":{"start":{"line":29,"column":6},"end":{"line":29,"column":41}},"type":"if","locations":[{"start":{"line":29,"column":6},"end":{"line":29,"column":41}},{"start":{"line":29,"column":6},"end":{"line":29,"column":41}}],"line":29}},"s":{"0":2,"1":2,"2":2,"3":2,"4":2,"5":0,"6":0,"7":2,"8":0,"9":0,"10":0,"11":0,"12":1},"f":{"0":2,"1":0,"2":0},"b":{"0":[0,0],"1":[0,0]},"_coverageSchema":"1a1c01bbd47fc00a2c39e90264f33305004495a9","hash":"340315edbee5fe33dbae85a6bdec00a5a9da370f"}
,"/home/enrique/gitrepos/cse110/cse110-w21-group29/source/js/ViewOnlyTaskList.js": {"path":"/home/enrique/gitrepos/cse110/cse110-w21-group29/source/js/ViewOnlyTaskList.js","statementMap":{"0":{"start":{"line":15,"column":4},"end":{"line":15,"column":12}},"1":{"start":{"line":17,"column":4},"end":{"line":17,"column":31}},"2":{"start":{"line":19,"column":4},"end":{"line":19,"column":80}},"3":{"start":{"line":20,"column":4},"end":{"line":20,"column":89}},"4":{"start":{"line":21,"column":4},"end":{"line":21,"column":76}},"5":{"start":{"line":23,"column":4},"end":{"line":23,"column":65}},"6":{"start":{"line":24,"column":4},"end":{"line":24,"column":57}},"7":{"start":{"line":25,"column":4},"end":{"line":25,"column":25}},"8":{"start":{"line":27,"column":4},"end":{"line":27,"column":59}},"9":{"start":{"line":29,"column":4},"end":{"line":32,"column":7}},"10":{"start":{"line":30,"column":6},"end":{"line":30,"column":35}},"11":{"start":{"line":31,"column":6},"end":{"line":31,"column":22}},"12":{"start":{"line":34,"column":4},"end":{"line":34,"column":18}},"13":{"start":{"line":41,"column":4},"end":{"line":41,"column":20}},"14":{"start":{"line":45,"column":4},"end":{"line":47,"column":5}},"15":{"start":{"line":46,"column":6},"end":{"line":46,"column":40}},"16":{"start":{"line":49,"column":4},"end":{"line":49,"column":34}},"17":{"start":{"line":50,"column":4},"end":{"line":50,"column":61}},"18":{"start":{"line":51,"column":4},"end":{"line":53,"column":7}},"19":{"start":{"line":52,"column":6},"end":{"line":52,"column":52}},"20":{"start":{"line":55,"column":4},"end":{"line":55,"column":34}},"21":{"start":{"line":56,"column":4},"end":{"line":56,"column":48}},"22":{"start":{"line":57,"column":4},"end":{"line":57,"column":61}},"23":{"start":{"line":58,"column":4},"end":{"line":60,"column":7}},"24":{"start":{"line":59,"column":6},"end":{"line":59,"column":52}},"25":{"start":{"line":68,"column":18},"end":{"line":68,"column":50}},"26":{"start":{"line":69,"column":4},"end":{"line":69,"column":28}},"27":{"start":{"line":71,"column":16},"end":{"line":71,"column":37}},"28":{"start":{"line":72,"column":19},"end":{"line":72,"column":48}},"29":{"start":{"line":74,"column":4},"end":{"line":76,"column":7}},"30":{"start":{"line":75,"column":6},"end":{"line":75,"column":28}},"31":{"start":{"line":84,"column":4},"end":{"line":84,"column":57}},"32":{"start":{"line":85,"column":4},"end":{"line":85,"column":70}},"33":{"start":{"line":92,"column":4},"end":{"line":96,"column":5}},"34":{"start":{"line":93,"column":6},"end":{"line":93,"column":57}},"35":{"start":{"line":95,"column":6},"end":{"line":95,"column":158}},"36":{"start":{"line":100,"column":4},"end":{"line":100,"column":24}},"37":{"start":{"line":101,"column":4},"end":{"line":101,"column":18}},"38":{"start":{"line":105,"column":4},"end":{"line":105,"column":27}},"39":{"start":{"line":106,"column":4},"end":{"line":106,"column":18}},"40":{"start":{"line":110,"column":0},"end":{"line":110,"column":63}}},"fnMap":{"0":{"name":"(anonymous_0)","decl":{"start":{"line":14,"column":2},"end":{"line":14,"column":3}},"loc":{"start":{"line":14,"column":16},"end":{"line":35,"column":3}},"line":14},"1":{"name":"(anonymous_1)","decl":{"start":{"line":29,"column":35},"end":{"line":29,"column":36}},"loc":{"start":{"line":29,"column":41},"end":{"line":32,"column":5}},"line":29},"2":{"name":"(anonymous_2)","decl":{"start":{"line":40,"column":2},"end":{"line":40,"column":3}},"loc":{"start":{"line":40,"column":22},"end":{"line":42,"column":3}},"line":40},"3":{"name":"(anonymous_3)","decl":{"start":{"line":44,"column":2},"end":{"line":44,"column":3}},"loc":{"start":{"line":44,"column":11},"end":{"line":61,"column":3}},"line":44},"4":{"name":"(anonymous_4)","decl":{"start":{"line":51,"column":27},"end":{"line":51,"column":28}},"loc":{"start":{"line":51,"column":62},"end":{"line":53,"column":5}},"line":51},"5":{"name":"(anonymous_5)","decl":{"start":{"line":58,"column":32},"end":{"line":58,"column":33}},"loc":{"start":{"line":58,"column":67},"end":{"line":60,"column":5}},"line":58},"6":{"name":"(anonymous_6)","decl":{"start":{"line":67,"column":2},"end":{"line":67,"column":3}},"loc":{"start":{"line":67,"column":21},"end":{"line":77,"column":3}},"line":67},"7":{"name":"(anonymous_7)","decl":{"start":{"line":74,"column":19},"end":{"line":74,"column":20}},"loc":{"start":{"line":74,"column":33},"end":{"line":76,"column":5}},"line":74},"8":{"name":"(anonymous_8)","decl":{"start":{"line":83,"column":2},"end":{"line":83,"column":3}},"loc":{"start":{"line":83,"column":21},"end":{"line":86,"column":3}},"line":83},"9":{"name":"(anonymous_9)","decl":{"start":{"line":91,"column":2},"end":{"line":91,"column":3}},"loc":{"start":{"line":91,"column":13},"end":{"line":97,"column":3}},"line":91},"10":{"name":"(anonymous_10)","decl":{"start":{"line":99,"column":2},"end":{"line":99,"column":3}},"loc":{"start":{"line":99,"column":12},"end":{"line":102,"column":3}},"line":99},"11":{"name":"(anonymous_11)","decl":{"start":{"line":104,"column":2},"end":{"line":104,"column":3}},"loc":{"start":{"line":104,"column":15},"end":{"line":107,"column":3}},"line":104}},"branchMap":{"0":{"loc":{"start":{"line":92,"column":4},"end":{"line":96,"column":5}},"type":"if","locations":[{"start":{"line":92,"column":4},"end":{"line":96,"column":5}},{"start":{"line":92,"column":4},"end":{"line":96,"column":5}}],"line":92}},"s":{"0":0,"1":0,"2":0,"3":0,"4":0,"5":0,"6":0,"7":0,"8":0,"9":0,"10":0,"11":0,"12":0,"13":0,"14":0,"15":0,"16":0,"17":0,"18":0,"19":0,"20":0,"21":0,"22":0,"23":0,"24":0,"25":0,"26":0,"27":0,"28":0,"29":0,"30":0,"31":0,"32":0,"33":0,"34":0,"35":0,"36":0,"37":0,"38":0,"39":0,"40":1},"f":{"0":0,"1":0,"2":0,"3":0,"4":0,"5":0,"6":0,"7":0,"8":0,"9":0,"10":0,"11":0},"b":{"0":[0,0]},"_coverageSchema":"1a1c01bbd47fc00a2c39e90264f33305004495a9","hash":"e4069e47f502036350a82b333cac5897e12f5f1b"}
}
