TN:
SF:source/js/CurrentYear.js
FN:11,(anonymous_0)
FNF:1
FNH:1
FNDA:3,(anonymous_0)
DA:12,3
DA:14,3
DA:18,1
LF:3
LH:3
BRF:0
BRH:0
end_of_record
TN:
SF:source/js/EditableTaskList.js
FN:15,(anonymous_0)
FNF:1
FNH:1
FNDA:1,(anonymous_0)
DA:16,1
DA:18,1
DA:19,1
DA:20,1
DA:21,1
DA:22,1
DA:26,1
LF:7
LH:7
BRF:0
BRH:0
end_of_record
TN:
SF:source/js/EditableTaskListBody.js
FN:15,(anonymous_0)
FN:24,(anonymous_1)
FN:34,(anonymous_2)
FN:42,(anonymous_3)
FN:53,(anonymous_4)
FN:60,(anonymous_5)
FN:64,(anonymous_6)
FN:76,(anonymous_7)
FN:84,(anonymous_8)
FN:95,(anonymous_9)
FN:96,(anonymous_10)
FN:105,(anonymous_11)
FN:108,(anonymous_12)
FN:124,(anonymous_13)
FN:136,(anonymous_14)
FN:140,(anonymous_15)
FN:141,(anonymous_16)
FN:148,(anonymous_17)
FN:152,(anonymous_18)
FN:156,(anonymous_19)
FN:160,(anonymous_20)
FNF:21
FNH:2
FNDA:1,(anonymous_0)
FNDA:0,(anonymous_1)
FNDA:0,(anonymous_2)
FNDA:1,(anonymous_3)
FNDA:0,(anonymous_4)
FNDA:0,(anonymous_5)
FNDA:0,(anonymous_6)
FNDA:0,(anonymous_7)
FNDA:0,(anonymous_8)
FNDA:0,(anonymous_9)
FNDA:0,(anonymous_10)
FNDA:0,(anonymous_11)
FNDA:0,(anonymous_12)
FNDA:0,(anonymous_13)
FNDA:0,(anonymous_14)
FNDA:0,(anonymous_15)
FNDA:0,(anonymous_16)
FNDA:0,(anonymous_17)
FNDA:0,(anonymous_18)
FNDA:0,(anonymous_19)
FNDA:0,(anonymous_20)
DA:16,1
DA:19,1
DA:20,1
DA:21,1
DA:24,1
DA:25,0
DA:35,0
DA:36,0
DA:43,1
DA:44,1
DA:45,1
DA:54,0
DA:55,0
DA:58,0
DA:59,0
DA:60,0
DA:62,0
DA:64,0
DA:65,0
DA:68,0
DA:69,0
DA:77,0
DA:78,0
DA:81,0
DA:82,0
DA:84,0
DA:85,0
DA:86,0
DA:89,0
DA:96,0
DA:97,0
DA:98,0
DA:99,0
DA:106,0
DA:108,0
DA:109,0
DA:110,0
DA:113,0
DA:115,0
DA:125,0
DA:126,0
DA:128,0
DA:129,0
DA:130,0
DA:131,0
DA:132,0
DA:134,0
DA:136,0
DA:137,0
DA:140,0
DA:141,0
DA:142,0
DA:143,0
DA:148,0
DA:149,0
DA:152,0
DA:153,0
DA:156,0
DA:157,0
DA:160,0
DA:161,0
DA:166,1
LF:62
LH:9
BRDA:54,0,0,0
BRDA:54,0,1,0
BRDA:77,1,0,0
BRDA:77,1,1,0
BRDA:142,2,0,0
BRDA:142,2,1,0
BRF:6
BRH:0
end_of_record
TN:
SF:source/js/EditableTaskListInput.js
FN:14,(anonymous_0)
FN:26,(anonymous_1)
FN:27,(anonymous_2)
FN:33,(anonymous_3)
FN:34,(anonymous_4)
FN:42,(anonymous_5)
FN:50,(anonymous_6)
FN:57,(anonymous_7)
FN:73,(anonymous_8)
FN:81,(anonymous_9)
FNF:10
FNH:3
FNDA:1,(anonymous_0)
FNDA:2,(anonymous_1)
FNDA:0,(anonymous_2)
FNDA:2,(anonymous_3)
FNDA:0,(anonymous_4)
FNDA:0,(anonymous_5)
FNDA:0,(anonymous_6)
FNDA:0,(anonymous_7)
FNDA:0,(anonymous_8)
FNDA:0,(anonymous_9)
DA:15,1
DA:18,1
DA:19,1
DA:22,1
DA:23,1
DA:26,1
DA:27,2
DA:28,0
DA:33,1
DA:34,2
DA:35,0
DA:36,0
DA:42,1
DA:43,0
DA:51,0
DA:58,0
DA:64,0
DA:66,0
DA:74,0
DA:75,0
DA:82,0
DA:83,0
DA:84,0
DA:85,0
DA:89,1
LF:25
LH:11
BRDA:35,0,0,0
BRDA:35,0,1,0
BRDA:35,1,0,0
BRDA:35,1,1,0
BRDA:58,2,0,0
BRDA:58,2,1,0
BRDA:58,3,0,0
BRDA:58,3,1,0
BRF:8
BRH:0
end_of_record
TN:
SF:source/js/ReturningUser.js
FN:13,(anonymous_0)
FN:26,(anonymous_1)
FNF:2
FNH:1
FNDA:2,(anonymous_0)
FNDA:0,(anonymous_1)
DA:14,2
DA:17,2
DA:18,0
DA:27,0
DA:28,0
DA:29,0
DA:30,0
DA:31,0
DA:32,0
DA:36,1
LF:10
LH:3
BRDA:17,0,0,0
BRDA:17,0,1,2
BRF:2
BRH:1
end_of_record
TN:
SF:source/js/TaskList.js
FN:13,(anonymous_0)
FN:30,(anonymous_1)
FN:39,(anonymous_2)
FN:49,(anonymous_3)
FN:66,(anonymous_4)
FN:77,(anonymous_5)
FN:90,(anonymous_6)
FN:98,(anonymous_7)
FNF:8
FNH:8
FNDA:13,(anonymous_0)
FNDA:13,(anonymous_1)
FNDA:135,(anonymous_2)
FNDA:21,(anonymous_3)
FNDA:7,(anonymous_4)
FNDA:3,(anonymous_5)
FNDA:91,(anonymous_6)
FNDA:1,(anonymous_7)
DA:15,13
DA:17,13
DA:19,2
DA:22,11
DA:23,11
DA:31,13
DA:32,13
DA:33,13
DA:41,135
DA:51,21
DA:58,21
DA:59,21
DA:67,7
DA:68,7
DA:78,3
DA:79,3
DA:80,1
DA:82,2
DA:83,2
DA:84,2
DA:91,91
DA:92,91
DA:99,1
DA:101,1
DA:102,1
LF:25
LH:25
BRDA:17,0,0,2
BRDA:17,0,1,11
BRDA:79,1,0,1
BRDA:79,1,1,2
BRF:4
BRH:4
end_of_record
TN:
SF:source/js/Timer.js
FN:20,(anonymous_0)
FN:34,(anonymous_1)
FN:35,(anonymous_2)
FN:50,(anonymous_3)
FNF:4
FNH:4
FNDA:11,(anonymous_0)
FNDA:6,(anonymous_1)
FNDA:6,(anonymous_2)
FNDA:138,(anonymous_3)
DA:21,11
DA:22,11
DA:23,11
DA:24,11
DA:25,11
DA:35,6
DA:38,6
DA:39,6
DA:40,5
DA:42,6
DA:43,1
DA:44,1
DA:45,5
DA:46,1
DA:48,6
DA:50,6
DA:52,138
DA:53,133
DA:55,138
DA:56,1
DA:57,1
DA:58,137
DA:59,3
DA:60,3
DA:62,138
LF:25
LH:25
BRDA:21,0,0,1
BRDA:21,0,1,10
BRDA:23,1,0,1
BRDA:23,1,1,10
BRDA:39,2,0,5
BRDA:39,2,1,1
BRDA:42,3,0,1
BRDA:42,3,1,5
BRDA:42,4,0,6
BRDA:42,4,1,2
BRDA:45,5,0,1
BRDA:45,5,1,4
BRDA:45,6,0,5
BRDA:45,6,1,1
BRDA:52,7,0,133
BRDA:52,7,1,5
BRDA:55,8,0,1
BRDA:55,8,1,137
BRDA:55,9,0,138
BRDA:55,9,1,4
BRDA:58,10,0,3
BRDA:58,10,1,134
BRDA:58,11,0,137
BRDA:58,11,1,3
BRF:24
BRH:24
end_of_record
TN:
SF:source/js/TimerUI.js
FN:17,(anonymous_0)
FN:26,(anonymous_1)
FN:37,(anonymous_2)
FN:38,(anonymous_3)
FN:50,(anonymous_4)
FN:62,(anonymous_5)
FN:73,(anonymous_6)
FN:82,(anonymous_7)
FN:90,(anonymous_8)
FNF:9
FNH:9
FNDA:6,(anonymous_0)
FNDA:1,(anonymous_1)
FNDA:2,(anonymous_2)
FNDA:2,(anonymous_3)
FNDA:1,(anonymous_4)
FNDA:6,(anonymous_5)
FNDA:8,(anonymous_6)
FNDA:1,(anonymous_7)
FNDA:1,(anonymous_8)
DA:18,6
DA:20,6
DA:21,6
DA:23,6
DA:27,1
DA:38,2
DA:40,2
DA:52,1
DA:53,1
DA:63,6
DA:64,1
DA:74,8
DA:75,6
DA:76,1
DA:83,1
DA:84,1
DA:91,1
DA:92,1
DA:96,1
LF:19
LH:19
BRDA:63,0,0,5
BRDA:63,0,1,1
BRDA:74,1,0,2
BRDA:74,1,1,6
BRDA:74,2,0,8
BRDA:74,2,1,7
BRDA:75,3,0,5
BRDA:75,3,1,1
BRF:8
BRH:8
end_of_record
TN:
SF:source/js/UsernameInput.js
FN:14,(anonymous_0)
FN:21,(anonymous_1)
FN:27,(anonymous_2)
FNF:3
FNH:1
FNDA:2,(anonymous_0)
FNDA:0,(anonymous_1)
FNDA:0,(anonymous_2)
DA:15,2
DA:17,2
DA:18,2
DA:19,2
DA:21,2
DA:22,0
DA:23,0
DA:27,2
DA:29,0
DA:32,0
DA:35,0
DA:40,1
LF:12
LH:7
BRDA:22,0,0,0
BRDA:22,0,1,0
BRDA:29,1,0,0
BRDA:29,1,1,0
BRF:4
BRH:0
end_of_record
TN:
SF:source/js/ViewOnlyTaskList.js
FN:14,(anonymous_0)
FN:29,(anonymous_1)
FN:40,(anonymous_2)
FN:44,(anonymous_3)
FN:51,(anonymous_4)
FN:58,(anonymous_5)
FN:67,(anonymous_6)
FN:74,(anonymous_7)
FN:83,(anonymous_8)
FN:91,(anonymous_9)
FN:99,(anonymous_10)
FN:104,(anonymous_11)
FNF:12
FNH:0
FNDA:0,(anonymous_0)
FNDA:0,(anonymous_1)
FNDA:0,(anonymous_2)
FNDA:0,(anonymous_3)
FNDA:0,(anonymous_4)
FNDA:0,(anonymous_5)
FNDA:0,(anonymous_6)
FNDA:0,(anonymous_7)
FNDA:0,(anonymous_8)
FNDA:0,(anonymous_9)
FNDA:0,(anonymous_10)
FNDA:0,(anonymous_11)
DA:15,0
DA:17,0
DA:19,0
DA:20,0
DA:21,0
DA:23,0
DA:24,0
DA:25,0
DA:27,0
DA:29,0
DA:30,0
DA:31,0
DA:34,0
DA:41,0
DA:45,0
DA:46,0
DA:49,0
DA:50,0
DA:51,0
DA:52,0
DA:55,0
DA:56,0
DA:57,0
DA:58,0
DA:59,0
DA:68,0
DA:69,0
DA:71,0
DA:72,0
DA:74,0
DA:75,0
DA:84,0
DA:85,0
DA:92,0
DA:93,0
DA:95,0
DA:100,0
DA:101,0
DA:105,0
DA:106,0
DA:110,1
LF:41
LH:1
BRDA:92,0,0,0
BRDA:92,0,1,0
BRF:2
BRH:0
end_of_record
